<?xml version="1.0" encoding="UTF-8"?>
<!-- Generated by org.testng.reporters.JUnitReportReporter -->
<testsuite hostname="LAPTOP-U8RE5VSE" failures="0" tests="1" name="TestCases.Tc_01" time="6.774" errors="0" timestamp="2021-08-05T19:48:52 IST" skipped="0">
  <testcase classname="TestCases.Tc_01" name="testcase1" time="6.774"/>
  <system-out/>
</testsuite> <!-- TestCases.Tc_01 -->
